Hehe00000000000000000000000000000
[[[[0, [5, 1]], [5, [3, 4, 2, 6]], [3, []], [4, []], [1, []], [2, []], [6, []], [9, [9, 8, 10, 7]], [8, []], [10, []], [7, []]]], [[[5, [3, 4, 2, 6]]], [[9, [9, 8, 10, 7]]]]]
Hehe00000000000000000000000000000
[[[[0, [5, 1]], [5, [3, 4, 2, 6]], [3, []], [4, []], [1, []], [2, []], [6, []], [9, [9, 8, 10, 7]], [8, []], [10, []], [7, []]]], [[[5, [3, 4, 2, 6]]], [[9, [9, 8, 10, 7]]]]]
====================  0  ============
141.23249719266335
[[[[0, [5, 1]], [5, [3, 4, 2, 6]], [3, []], [4, []], [1, []], [2, []], [6, []], [9, [9, 8, 10, 7]], [8, []], [10, []], [7, []]]], [[[5, [3, 4, 2, 6]]], [[9, [9, 8, 10, 7]]]]]
====================  0  ============
141.23249719266335
[[[[0, [5, 1]], [5, [3, 4, 2, 6]], [3, []], [4, []], [1, []], [2, []], [6, []], [9, [9, 8, 10, 7]], [8, []], [10, []], [7, []]]], [[[5, [3, 4, 2, 6]]], [[9, [9, 8, 10, 7]]]]]
====================  0  ============
141.23249719266335
[[[[0, [5, 1]], [5, [3, 4, 2, 6]], [3, []], [4, []], [1, []], [2, []], [6, []], [9, [9, 8, 10, 7]], [8, []], [10, []], [7, []]]], [[[5, [3, 4, 2, 6]]], [[9, [9, 8, 10, 7]]]]]
====================  0  ============
141.23249719266335
[[[[0, [5, 1]], [5, [3, 4, 2, 6]], [3, []], [4, []], [1, []], [2, []], [6, []], [9, [9, 8, 10, 7]], [8, []], [10, []], [7, []]]], [[[5, [3, 4, 2, 6]]], [[9, [9, 8, 10, 7]]]]]
====================  0  ============
141.23249719266335
[[[[0, [5, 1]], [5, [3, 4, 2, 6]], [3, []], [4, []], [1, []], [2, []], [6, []], [9, [9, 8, 10, 7]], [8, []], [10, []], [7, []]]], [[[5, [3, 4, 2, 6]]], [[9, [9, 8, 10, 7]]]]]
Hehe00000000000000000000000000000
[[[[0, [5, 1]], [5, [3, 4, 2, 6]], [3, []], [4, []], [1, []], [2, []], [6, []], [9, [9, 8, 10]], [8, []], [10, []], [0, []], [7, [7]]]], [[[5, [3, 4, 2, 6]]], [[9, [9, 8, 10]]], [[7, [7]]]]]
Hehe00000000000000000000000000000
[[[[0, [5, 1]], [5, [3, 4, 2, 6]], [3, []], [4, []], [1, []], [2, []], [6, []], [9, [9, 8, 10]], [8, []], [10, []], [0, []], [7, [7]]]], [[[5, [3, 4, 2, 6]]], [[9, [9, 8, 10]]], [[7, [7]]]]]
====================  1  ============
141.23249719266335
[[[[0, [5, 1]], [5, [3, 4, 2, 6]], [3, []], [4, []], [1, []], [2, []], [6, []], [9, [9, 8, 10, 7]], [8, []], [10, []], [7, []]]], [[[5, [3, 4, 2, 6]]], [[9, [9, 8, 10, 7]]]]]
====================  1  ============
141.23249719266335
[[[[0, [5, 1]], [5, [3, 4, 2, 6]], [3, []], [4, []], [1, []], [2, []], [6, []], [9, [9, 8, 10, 7]], [8, []], [10, []], [7, []]]], [[[5, [3, 4, 2, 6]]], [[9, [9, 8, 10, 7]]]]]
====================  1  ============
141.23249719266335
[[[[0, [5, 1]], [5, [3, 4, 2, 6]], [3, []], [4, []], [1, []], [2, []], [6, []], [9, [9, 8, 10, 7]], [8, []], [10, []], [7, []]]], [[[5, [3, 4, 2, 6]]], [[9, [9, 8, 10, 7]]]]]
====================  1  ============
141.23249719266335
[[[[0, [5, 1]], [5, [3, 4, 2, 6]], [3, []], [4, []], [1, []], [2, []], [6, []], [9, [9, 8, 10, 7]], [8, []], [10, []], [7, []]]], [[[5, [3, 4, 2, 6]]], [[9, [9, 8, 10, 7]]]]]
====================  1  ============
141.23249719266335
[[[[0, [5, 1]], [5, [3, 4, 2, 6]], [3, []], [4, []], [1, []], [2, []], [6, []], [9, [9, 8, 10, 7]], [8, []], [10, []], [7, []]]], [[[5, [3, 4, 2, 6]]], [[9, [9, 8, 10, 7]]]]]
Hehe00000000000000000000000000000
[[[[0, [5, 1]], [5, [3, 4, 2, 6]], [3, []], [4, []], [1, []], [2, []], [6, []], [0, []], [9, [9, 8, 10]], [8, []], [10, []], [0, []], [7, [7]]]], [[[5, [3, 4, 2, 6]]], [[9, [9, 8, 10]]], [[7, [7]]]]]
Hehe00000000000000000000000000000
[[[[0, [5, 1]], [5, [3, 4, 2, 6]], [3, []], [4, []], [1, []], [2, []], [6, []], [0, []], [9, [9, 8, 10]], [8, []], [10, []], [0, []], [7, [7]]]], [[[5, [3, 4, 2, 6]]], [[9, [9, 8, 10]]], [[7, [7]]]]]
====================  2  ============
141.23249719266335
[[[[0, [5, 1]], [5, [3, 4, 2, 6]], [3, []], [4, []], [1, []], [2, []], [6, []], [9, [9, 8, 10, 7]], [8, []], [10, []], [7, []]]], [[[5, [3, 4, 2, 6]]], [[9, [9, 8, 10, 7]]]]]
====================  2  ============
141.23249719266335
[[[[0, [5, 1]], [5, [3, 4, 2, 6]], [3, []], [4, []], [1, []], [2, []], [6, []], [9, [9, 8, 10, 7]], [8, []], [10, []], [7, []]]], [[[5, [3, 4, 2, 6]]], [[9, [9, 8, 10, 7]]]]]
====================  2  ============
141.23249719266335
[[[[0, [5, 1]], [5, [3, 4, 2, 6]], [3, []], [4, []], [1, []], [2, []], [6, []], [9, [9, 8, 10, 7]], [8, []], [10, []], [7, []]]], [[[5, [3, 4, 2, 6]]], [[9, [9, 8, 10, 7]]]]]
====================  2  ============
141.23249719266335
[[[[0, [5, 1]], [5, [3, 4, 2, 6]], [3, []], [4, []], [1, []], [2, []], [6, []], [9, [9, 8, 10, 7]], [8, []], [10, []], [7, []]]], [[[5, [3, 4, 2, 6]]], [[9, [9, 8, 10, 7]]]]]
====================  2  ============
141.23249719266335
[[[[0, [5, 1]], [5, [3, 4, 2, 6]], [3, []], [4, []], [1, []], [2, []], [6, []], [9, [9, 8, 10, 7]], [8, []], [10, []], [7, []]]], [[[5, [3, 4, 2, 6]]], [[9, [9, 8, 10, 7]]]]]
Hehe00000000000000000000000000000
[[[[0, [5, 1]], [5, [3, 4, 2, 6]], [3, []], [4, []], [1, []], [2, []], [6, []], [0, []], [9, [9, 8]], [8, []], [0, []], [10, [10]], [0, []], [7, [7]]]], [[[5, [3, 4, 2, 6]]], [[9, [9, 8]]], [[10, [10]]], [[7, [7]]]]]
Hehe00000000000000000000000000000
[[[[0, [5, 1]], [5, [3, 4, 2, 6]], [3, []], [4, []], [1, []], [2, []], [6, []], [0, []], [9, [9, 8]], [8, []], [0, []], [10, [10]], [0, []], [7, [7]]]], [[[5, [3, 4, 2, 6]]], [[9, [9, 8]]], [[10, [10]]], [[7, [7]]]]]
====================  3  ============
141.23249719266335
[[[[0, [5, 1]], [5, [3, 4, 2, 6]], [3, []], [4, []], [1, []], [2, []], [6, []], [9, [9, 8, 10, 7]], [8, []], [10, []], [7, []]]], [[[5, [3, 4, 2, 6]]], [[9, [9, 8, 10, 7]]]]]
====================  3  ============
141.23249719266335
[[[[0, [5, 1]], [5, [3, 4, 2, 6]], [3, []], [4, []], [1, []], [2, []], [6, []], [9, [9, 8, 10, 7]], [8, []], [10, []], [7, []]]], [[[5, [3, 4, 2, 6]]], [[9, [9, 8, 10, 7]]]]]
====================  3  ============
141.23249719266335
[[[[0, [5, 1]], [5, [3, 4, 2, 6]], [3, []], [4, []], [1, []], [2, []], [6, []], [9, [9, 8, 10, 7]], [8, []], [10, []], [7, []]]], [[[5, [3, 4, 2, 6]]], [[9, [9, 8, 10, 7]]]]]
====================  3  ============
141.23249719266335
[[[[0, [5, 1]], [5, [3, 4, 2, 6]], [3, []], [4, []], [1, []], [2, []], [6, []], [9, [9, 8, 10, 7]], [8, []], [10, []], [7, []]]], [[[5, [3, 4, 2, 6]]], [[9, [9, 8, 10, 7]]]]]
====================  3  ============
141.23249719266335
[[[[0, [5, 1]], [5, [3, 4, 2, 6]], [3, []], [4, []], [1, []], [2, []], [6, []], [9, [9, 8, 10, 7]], [8, []], [10, []], [7, []]]], [[[5, [3, 4, 2, 6]]], [[9, [9, 8, 10, 7]]]]]
Hehe00000000000000000000000000000
[[[[0, [5, 1]], [5, [3, 4, 2]], [3, []], [4, []], [1, []], [2, []], [0, []], [6, [6]], [0, []], [9, [9, 8]], [8, []], [0, []], [10, [10]], [0, []], [7, [7]]]], [[[5, [3, 4, 2]]], [[6, [6]]], [[9, [9, 8]]], [[10, [10]]], [[7, [7]]]]]
Hehe00000000000000000000000000000
[[[[0, [5, 1]], [5, [3, 4, 2]], [3, []], [4, []], [1, []], [2, []], [0, []], [6, [6]], [0, []], [9, [9, 8]], [8, []], [0, []], [10, [10]], [0, []], [7, [7]]]], [[[5, [3, 4, 2]]], [[6, [6]]], [[9, [9, 8]]], [[10, [10]]], [[7, [7]]]]]
====================  4  ============
141.23249719266335
[[[[0, [5, 1]], [5, [3, 4, 2, 6]], [3, []], [4, []], [1, []], [2, []], [6, []], [9, [9, 8, 10, 7]], [8, []], [10, []], [7, []]]], [[[5, [3, 4, 2, 6]]], [[9, [9, 8, 10, 7]]]]]
====================  4  ============
141.23249719266335
[[[[0, [5, 1]], [5, [3, 4, 2, 6]], [3, []], [4, []], [1, []], [2, []], [6, []], [9, [9, 8, 10, 7]], [8, []], [10, []], [7, []]]], [[[5, [3, 4, 2, 6]]], [[9, [9, 8, 10, 7]]]]]
====================  4  ============
141.23249719266335
[[[[0, [5, 1]], [5, [3, 4, 2, 6]], [3, []], [4, []], [1, []], [2, []], [6, []], [9, [9, 8, 10, 7]], [8, []], [10, []], [7, []]]], [[[5, [3, 4, 2, 6]]], [[9, [9, 8, 10, 7]]]]]
====================  4  ============
141.23249719266335
[[[[0, [5, 1]], [5, [3, 4, 2, 6]], [3, []], [4, []], [1, []], [2, []], [6, []], [9, [9, 8, 10, 7]], [8, []], [10, []], [7, []]]], [[[5, [3, 4, 2, 6]]], [[9, [9, 8, 10, 7]]]]]
====================  4  ============
141.23249719266335
[[[[0, [5, 1]], [5, [3, 4, 2, 6]], [3, []], [4, []], [1, []], [2, []], [6, []], [9, [9, 8, 10, 7]], [8, []], [10, []], [7, []]]], [[[5, [3, 4, 2, 6]]], [[9, [9, 8, 10, 7]]]]]
---------- RESULT ----------
[[[[0, [5, 1]], [5, [3, 4, 2, 6]], [3, []], [4, []], [1, []], [2, []], [6, []], [9, [9, 8, 10, 7]], [8, []], [10, []], [7, []]]], [[[5, [3, 4, 2, 6]]], [[9, [9, 8, 10, 7]]]]]
141.23249719266335
True
