----- <function Neighborhood_one_opt_standard at 0x00000196E531E2A0> -----
[[[[0, [11, 5, 12, 3, 9, 15, 1]], [11, []], [5, []], [12, []], [3, []], [9, []], [15, []], [1, []]], [[0, [2, 4, 10, 8, 13, 14, 7, 6]], [6, []], [2, []], [4, []], [10, []], [8, []], [13, []], [14, []], [7, []]]], []]
---------- 0 --------------------------
[[[[0, [11, 5, 12, 3, 9, 15, 1]], [11, []], [5, []], [12, []], [3, []], [9, []], [15, []], [1, []]], [[0, [2, 4, 10, 8, 13, 14, 7, 6]], [6, []], [2, []], [4, []], [10, []], [8, []], [13, []], [14, []], [7, []]]], []]
233.16000000000003
1
----- <function Neighborhood_two_opt_tue at 0x00000196E531E160> -----
[[[[0, [11, 5, 12, 3, 9, 15, 14, 7]], [11, []], [5, []], [12, []], [3, []], [9, []], [15, []], [14, []], [7, []]], [[0, [2, 4, 10, 8, 13, 6, 1]], [6, []], [2, []], [4, []], [10, []], [8, []], [13, []], [1, []]]], []]
---------- 0 --------------------------
[[[[0, [11, 5, 12, 3, 9, 15, 14, 7]], [11, []], [5, []], [12, []], [3, []], [9, []], [15, []], [14, []], [7, []]], [[0, [2, 4, 10, 8, 13, 6, 1]], [6, []], [2, []], [4, []], [10, []], [8, []], [13, []], [1, []]]], []]
236.76000000000005
5
----- <function Neighborhood_one_opt_standard at 0x00000196E531E2A0> -----
[[[[0, [11, 5, 12, 3, 9, 15, 7]], [11, []], [5, []], [12, []], [3, []], [9, []], [15, []], [7, []]], [[0, [2, 4, 10, 8, 13, 6, 1, 14]], [6, []], [2, []], [4, []], [10, []], [8, []], [13, []], [1, []], [14, []]]], []]
---------- 1 --------------------------
[[[[0, [11, 5, 12, 3, 9, 15, 7]], [11, []], [5, []], [12, []], [3, []], [9, []], [15, []], [7, []]], [[0, [2, 4, 10, 8, 13, 6, 1, 14]], [6, []], [2, []], [4, []], [10, []], [8, []], [13, []], [1, []], [14, []]]], []]
234.95999999999998
1
----- <function Neighborhood_two_opt_tue at 0x00000196E531E160> -----
[[[[0, [11, 5, 12, 3, 9, 15, 14]], [11, []], [5, []], [12, []], [3, []], [9, []], [15, []], [14, []]], [[0, [2, 4, 10, 8, 13, 6, 1, 7]], [6, []], [2, []], [4, []], [10, []], [8, []], [13, []], [1, []], [7, []]]], []]
---------- 2 --------------------------
[[[[0, [11, 5, 12, 3, 9, 15, 14]], [11, []], [5, []], [12, []], [3, []], [9, []], [15, []], [14, []]], [[0, [2, 4, 10, 8, 13, 6, 1, 7]], [6, []], [2, []], [4, []], [10, []], [8, []], [13, []], [1, []], [7, []]]], []]
234.96
5
----- <function Neighborhood_two_opt_tue at 0x00000196E531E160> -----
[[[[0, [11, 5, 12, 3, 9, 15, 13, 1, 7]], [11, []], [5, []], [12, []], [3, []], [9, []], [15, []], [13, []], [1, []], [7, []]], [[0, [2, 4, 10, 8, 6, 14]], [6, []], [2, []], [4, []], [10, []], [8, []], [14, []]]], []]
---------- 3 --------------------------
[[[[0, [11, 5, 12, 3, 9, 15, 13, 1, 7]], [11, []], [5, []], [12, []], [3, []], [9, []], [15, []], [13, []], [1, []], [7, []]], [[0, [2, 4, 10, 8, 6, 14]], [6, []], [2, []], [4, []], [10, []], [8, []], [14, []]]], []]
241.92000000000002
5
----- <function Neighborhood_two_opt_tue at 0x00000196E531E160> -----
[[[[0, [11, 5, 4, 10, 14]], [11, []], [5, []], [4, []], [10, []], [8, [8]], [14, []]], [[0, [2, 6, 12, 3, 9, 15, 13, 1, 7]], [6, []], [2, []], [12, []], [3, []], [9, []], [15, []], [13, []], [1, []], [7, []]]], [[[8, [8]]]]]
---------- 4 --------------------------
[[[[0, [11, 5, 4, 10, 14]], [11, []], [5, []], [4, []], [10, []], [8, [8]], [14, []]], [[0, [2, 6, 12, 3, 9, 15, 13, 1, 7]], [6, []], [2, []], [12, []], [3, []], [9, []], [15, []], [13, []], [1, []], [7, []]]], [[[8, [8]]]]]
241.96
5
----- <function Neighborhood_one_opt_standard at 0x00000196E531E2A0> -----
[[[[0, [11, 5, 4, 10, 14]], [11, []], [5, []], [4, []], [10, []], [8, [8]], [14, []]], [[0, [2, 6, 12, 3, 9, 15, 1, 7, 13]], [6, []], [2, []], [12, []], [3, []], [9, []], [15, []], [1, []], [13, []], [7, []]]], [[[8, [8]]]]]
---------- 5 --------------------------
[[[[0, [11, 5, 4, 10, 14]], [11, []], [5, []], [4, []], [10, []], [8, [8]], [14, []]], [[0, [2, 6, 12, 3, 9, 15, 1, 7, 13]], [6, []], [2, []], [12, []], [3, []], [9, []], [15, []], [1, []], [13, []], [7, []]]], [[[8, [8]]]]]
240.28
1
----- <function Neighborhood_one_opt_standard at 0x00000196E531E2A0> -----
[[[[0, [5, 4, 10, 14, 11]], [5, []], [11, []], [4, []], [10, []], [8, [8]], [14, []]], [[0, [2, 6, 12, 3, 9, 15, 1, 7, 13]], [6, []], [2, []], [12, []], [3, []], [9, []], [15, []], [1, []], [13, []], [7, []]]], [[[8, [8]]]]]
---------- 6 --------------------------
[[[[0, [5, 4, 10, 14, 11]], [5, []], [11, []], [4, []], [10, []], [8, [8]], [14, []]], [[0, [2, 6, 12, 3, 9, 15, 1, 7, 13]], [6, []], [2, []], [12, []], [3, []], [9, []], [15, []], [1, []], [13, []], [7, []]]], [[[8, [8]]]]]
240.28
1
----- <function Neighborhood_split_two_truck_term at 0x00000196E531FC40> -----
[[[[0, [5, 4, 10, 14, 11]], [5, []], [11, []], [4, []], [10, []], [8, [8]], [14, []]], [[0, [2, 6]], [6, []], [2, []], [0, []], [12, [12, 3]], [3, []], [9, [9, 15]], [15, []], [1, [1, 7]], [13, [13]], [7, []]]], [[[12, [12, 3]]], [[8, [8]]], [[9, [9, 15]]], [[1, [1, 7]]], [[13, [13]]]]]
---------- 7 --------------------------
[[[[0, [5, 4, 10, 14, 11]], [5, []], [11, []], [4, []], [10, []], [8, [8]], [14, []]], [[0, [2, 6]], [6, []], [2, []], [0, []], [12, [12, 3, 7]], [3, []], [9, [9, 15]], [15, []], [1, [1, 13]], [13, []], [7, []]]], [[[12, [7]]], [[12, [12, 3]]], [[8, [8]]], [[9, [9, 15]]], [[1, [1, 13]]]]]
235.83999999999997
6
----- <function Neighborhood_one_opt_standard at 0x00000196E531E2A0> -----
[[[[0, [5, 4, 10, 11]], [5, []], [11, []], [4, []], [10, []], [8, [8]]], [[0, [2, 6, 14]], [6, []], [2, []], [0, []], [12, [12, 3, 7]], [3, []], [9, [9, 15]], [15, []], [1, [1, 13]], [13, []], [7, []], [14, []]]], [[[12, [7]]], [[12, [12, 3]]], [[8, [8]]], [[9, [9, 15]]], [[1, [1, 13]]]]]
---------- 8 --------------------------
[[[[0, [5, 4, 10, 11]], [5, []], [11, []], [4, []], [10, []], [8, [8]]], [[0, [2, 6, 14]], [6, []], [2, []], [0, []], [12, [12, 3, 7]], [3, []], [9, [9, 15]], [15, []], [1, [1, 13]], [13, []], [7, []], [14, []]]], [[[12, [7]]], [[12, [12, 3]]], [[8, [8]]], [[9, [9, 15]]], [[1, [1, 13]]]]]
232.76
1
----- <function Neighborhood_move_1_1_standard at 0x00000196E531DF80> -----
[[[[0, [5, 4, 10, 11]], [5, []], [11, []], [4, []], [10, []], [8, [8]]], [[0, [14, 2]], [2, []], [6, [6]], [0, []], [12, [12, 3, 7]], [3, []], [9, [9, 15]], [15, []], [1, [1, 13]], [13, []], [7, []], [14, []]]], [[[6, [6]]], [[12, [7]]], [[12, [12, 3]]], [[8, [8]]], [[9, [9, 15]]], [[1, [1, 13]]]]]
---------- 0 --------------------------
[[[[0, [5, 4, 10, 11]], [5, []], [11, []], [4, []], [10, []], [8, [8]]], [[0, [14, 2]], [2, []], [6, [6]], [0, []], [12, [12, 3, 7]], [3, []], [9, [9, 15]], [15, []], [1, [1, 13]], [13, []], [7, []], [14, []]]], [[[6, [6]]], [[12, [7]]], [[12, [12, 3]]], [[8, [8]]], [[9, [9, 15]]], [[1, [1, 13]]]]]
222.7819551367537
3
----- <function Neighborhood_two_opt_tue at 0x00000196E531E160> -----
[[[[0, [5, 1, 13, 7, 14]], [5, []], [12, [12, 3]], [3, []], [9, [9, 15]], [15, []], [1, []], [13, []], [7, []], [14, []]], [[0, [2]], [2, []], [6, [6]], [0, [10]], [11, [11, 4]], [4, []], [10, []], [8, [8]]]], [[[6, [6]]], [[11, [11, 4]]], [[8, [8]]], [[12, [12, 3]]], [[9, [9, 15]]]]]
---------- 0 --------------------------
[[[[0, [5, 1, 13, 7, 14]], [5, []], [12, [12, 3]], [3, []], [9, [9, 15]], [15, []], [1, []], [13, []], [7, []], [14, []]], [[0, [2]], [2, []], [6, [6]], [0, [10]], [11, [11, 4]], [4, []], [10, []], [8, [8]]]], [[[6, [6]]], [[11, [11, 4]]], [[8, [8]]], [[12, [12, 3]]], [[9, [9, 15]]]]]
240.68
5
----- <function Neighborhood_move_1_1_standard at 0x00000196E531DF80> -----
[[[[0, [1, 13, 7, 14, 11]], [11, []], [12, [12, 3]], [3, []], [9, [9, 15]], [15, []], [1, []], [13, []], [7, []], [14, []]], [[0, [2]], [2, []], [6, [6]], [0, [10, 5, 4]], [5, []], [4, []], [10, []], [8, [8]]]], [[[6, [6]]], [[8, [8]]], [[12, [12, 3]]], [[9, [9, 15]]]]]
---------- 1 --------------------------
[[[[0, [1, 13, 7, 14, 11]], [11, []], [12, [12, 3]], [3, []], [9, [9, 15]], [15, []], [1, []], [13, []], [7, []], [14, []]], [[0, [2]], [2, []], [6, [6]], [0, [10, 5, 4]], [5, []], [4, []], [10, []], [8, [8]]]], [[[6, [6]]], [[8, [8]]], [[12, [12, 3]]], [[9, [9, 15]]]]]
238.3819551367537
3
----- <function Neighborhood_move_1_1_standard at 0x00000196E531DF80> -----
[[[[0, [1, 13, 11, 14, 7]], [11, []], [12, [12, 3]], [3, []], [9, [9, 15]], [15, []], [1, []], [13, []], [14, []], [7, []]], [[0, [2]], [2, []], [6, [6]], [0, [10, 5, 4]], [5, []], [4, []], [10, []], [8, [8]]]], [[[6, [6]]], [[8, [8]]], [[12, [12, 3]]], [[9, [9, 15]]]]]
---------- 2 --------------------------
[[[[0, [1, 13, 11, 14, 7]], [11, []], [12, [12, 3]], [3, []], [9, [9, 15]], [15, []], [1, []], [13, []], [14, []], [7, []]], [[0, [2]], [2, []], [6, [6]], [0, [10, 5, 4]], [5, []], [4, []], [10, []], [8, [8]]]], [[[6, [6]]], [[8, [8]]], [[12, [12, 3]]], [[9, [9, 15]]]]]
238.3819551367537
3
----- <function Neighborhood_one_opt_standard at 0x00000196E531E2A0> -----
[[[[0, [1, 13, 11, 14, 7]], [11, []], [12, [12, 3]], [3, []], [9, [9, 15]], [15, []], [1, []], [13, []], [7, []], [14, []]], [[0, [2]], [2, []], [6, [6]], [0, [10, 5, 4]], [5, []], [4, []], [10, []], [8, [8]]]], [[[6, [6]]], [[8, [8]]], [[12, [12, 3]]], [[9, [9, 15]]]]]
---------- 3 --------------------------
[[[[0, [1, 13, 11, 14, 7]], [11, []], [12, [12, 3]], [3, []], [9, [9, 15]], [15, []], [1, []], [13, []], [7, []], [14, []]], [[0, [2]], [2, []], [6, [6]], [0, [10, 5, 4]], [5, []], [4, []], [10, []], [8, [8]]]], [[[6, [6]]], [[8, [8]]], [[12, [12, 3]]], [[9, [9, 15]]]]]
238.3819551367537
2
----- <function Neighborhood_one_opt_standard at 0x00000196E531E2A0> -----
[[[[0, [1, 13, 11, 14, 7]], [11, []], [12, [12, 3]], [3, []], [9, [9, 15]], [15, []], [1, []], [13, []], [7, []], [14, []]], [[0, [2]], [2, []], [6, [6]], [0, [5, 4, 10]], [5, []], [4, []], [8, [8]], [10, []]]], [[[6, [6]]], [[8, [8]]], [[12, [12, 3]]], [[9, [9, 15]]]]]
---------- 4 --------------------------
[[[[0, [1, 13, 11, 14, 7]], [11, []], [12, [12, 3]], [3, []], [9, [9, 15]], [15, []], [1, []], [13, []], [7, []], [14, []]], [[0, [2]], [2, []], [6, [6]], [0, [5, 4, 10]], [5, []], [4, []], [8, [8]], [10, []]]], [[[6, [6]]], [[8, [8]]], [[12, [12, 3]]], [[9, [9, 15]]]]]
238.3819551367537
1
----- <function Neighborhood_one_opt_standard at 0x00000196E531E2A0> -----
[[[[0, [1, 13, 11, 14, 7]], [11, []], [12, [12, 3]], [3, []], [9, [9, 15]], [15, []], [1, []], [13, []], [7, []], [14, []]], [[0, [2]], [2, []], [0, [5, 4, 10, 6]], [6, []], [5, []], [4, []], [8, [8]], [10, []]]], [[[8, [8]]], [[12, [12, 3]]], [[9, [9, 15]]]]]
---------- 5 --------------------------
[[[[0, [11, 14, 7]], [11, [1, 13]], [12, [12, 3]], [3, []], [9, [9, 15]], [15, []], [1, []], [13, []], [7, []], [14, []]], [[0, [2]], [2, []], [0, [5, 4, 10, 6]], [6, []], [5, []], [4, []], [8, [8]], [10, []]]], [[[11, [1, 13]]], [[8, [8]]], [[12, [12, 3]]], [[9, [9, 15]]]]]
235.15999999999997
1
----- <function Neighborhood_two_opt_tue at 0x00000196E531E160> -----
[[[[0, [11, 5, 4, 10]], [11, []], [12, [12, 8]], [5, []], [4, []], [8, []], [10, []]], [[0, [2, 14]], [2, []], [0, [6, 1, 13, 7]], [6, []], [3, [3, 9]], [9, []], [15, [15]], [1, []], [13, []], [7, []], [14, []]]], [[[12, [12, 8]]], [[3, [3, 9]]], [[15, [15]]]]]
---------- 6 --------------------------
[[[[0, [11, 5, 4, 10]], [11, []], [12, [12, 8]], [5, []], [4, []], [8, []], [10, []]], [[0, [2, 14]], [2, []], [0, [6, 1, 13, 7]], [6, []], [3, [3, 9]], [9, []], [15, [15]], [1, []], [13, []], [7, []], [14, []]]], [[[12, [12, 8]]], [[3, [3, 9]]], [[15, [15]]]]]
231.8486030025042
5
----- <function Neighborhood_two_opt_tue at 0x00000196E531E160> -----
[[[[0, [11, 14]], [11, []], [0, []], [6, [6, 1]], [3, [3, 9]], [9, []], [15, [15, 13]], [1, []], [13, []], [7, [7]], [14, []]], [[0, [2, 5, 4, 10]], [2, []], [12, [12, 8]], [5, []], [4, []], [8, []], [10, []]]], [[[6, [6, 1]]], [[12, [12, 8]]], [[3, [3, 9]]], [[15, [15, 13]]], [[7, [7]]]]]
---------- 7 --------------------------
[[[[0, [11, 14]], [11, []], [0, []], [6, [6, 1]], [3, [3, 9]], [9, []], [15, [15, 13]], [1, []], [13, []], [7, [7]], [14, []]], [[0, [2, 5, 4, 10]], [2, []], [12, [12, 8]], [5, []], [4, []], [8, []], [10, []]]], [[[6, [6, 1]]], [[12, [12, 8]]], [[3, [3, 9]]], [[15, [15, 13]]], [[7, [7]]]]]
231.8486030025042
5
----- <function Neighborhood_split_two_truck_term at 0x00000196E531FC40> -----
[[[[0, [11, 14]], [11, []], [0, []], [6, [6]], [0, []], [3, [3, 9]], [9, []], [15, [15, 1]], [1, []], [13, [13, 7]], [7, []], [14, []]], [[0, [2, 5, 4, 10]], [2, []], [12, [12, 8]], [5, []], [4, []], [8, []], [10, []]]], [[[6, [6]]], [[12, [12, 8]]], [[3, [3, 9]]], [[15, [15, 1]]], [[13, [13, 7]]]]]
---------- 8 --------------------------
[[[[0, [14]], [11, [11]], [0, []], [6, [6]], [0, []], [3, [3, 9]], [9, []], [15, [15, 1]], [1, []], [13, [13, 7]], [7, []], [14, []]], [[0, [2, 5, 4, 10]], [2, []], [12, [12, 8]], [5, []], [4, []], [8, []], [10, []]]], [[[11, [11]]], [[6, [6]]], [[12, [12, 8]]], [[3, [3, 9]]], [[15, [15, 1]]], [[13, [13, 7]]]]]
236.37323553374523
6
----- <function Neighborhood_move_2_1 at 0x00000196E531E0C0> -----
[[[[0, [14]], [11, [11]], [0, []], [6, [6]], [0, []], [3, [3, 9]], [9, []], [15, [15, 1]], [1, []], [13, [13, 7]], [7, []], [14, []]], [[0, [2, 10, 4, 5]], [2, []], [4, []], [12, [12, 8]], [5, []], [8, []], [10, []]]], [[[11, [11]]], [[6, [6]]], [[12, [12, 8]]], [[3, [3, 9]]], [[15, [15, 1]]], [[13, [13, 7]]]]]
---------- 9 --------------------------
[[[[0, [14]], [11, [11]], [0, []], [6, [6]], [0, []], [3, [3, 9]], [9, []], [15, [15, 1]], [1, []], [13, [13, 7]], [7, []], [14, []]], [[0, [2, 10, 4, 5]], [2, []], [4, []], [12, [12, 8]], [5, []], [8, []], [10, []]]], [[[11, [11]]], [[6, [6]]], [[12, [12, 8]]], [[3, [3, 9]]], [[15, [15, 1]]], [[13, [13, 7]]]]]
236.37323553374523
4
----- <function Neighborhood_move_1_1_standard at 0x00000196E531DF80> -----
[[[[0, [14]], [4, [4]], [0, []], [6, [6]], [0, []], [3, [3, 9]], [9, []], [15, [15, 1]], [1, []], [13, [13, 7]], [7, []], [14, []]], [[0, [2, 10, 5, 11]], [2, []], [11, []], [12, [12, 8]], [5, []], [8, []], [10, []]]], [[[4, [4]]], [[6, [6]]], [[12, [12, 8]]], [[3, [3, 9]]], [[15, [15, 1]]], [[13, [13, 7]]]]]
---------- 10 --------------------------
[[[[0, [14]], [4, [4]], [0, []], [6, [6]], [0, []], [3, [3, 9]], [9, []], [15, [15, 1]], [1, []], [13, [13, 7]], [7, []], [14, []]], [[0, [2, 10]], [2, []], [11, [5, 11]], [12, [12, 8]], [5, []], [8, []], [10, []]]], [[[4, [4]]], [[6, [6]]], [[11, [5, 11]]], [[12, [12, 8]]], [[3, [3, 9]]], [[15, [15, 1]]], [[13, [13, 7]]]]]
228.8486030025042
3
----- <function Neighborhood_one_opt_standard at 0x00000196E531E2A0> -----
[[[[0, [14]], [4, [4]], [0, []], [6, [6]], [0, []], [3, [3, 9]], [9, []], [15, [15, 1]], [1, []], [13, [13, 7]], [7, []], [14, []]], [[0, [2, 10]], [2, []], [11, [5, 11]], [5, []], [12, [12]], [8, [8]], [10, []]]], [[[4, [4]]], [[6, [6]]], [[11, [5, 11]]], [[12, [12]]], [[8, [8]]], [[3, [3, 9]]], [[15, [15, 1]]], [[13, [13, 7]]]]]
---------- 11 --------------------------
[[[[0, [14]], [4, [4]], [0, []], [6, [6]], [0, []], [3, [3, 9]], [9, []], [15, [15, 1]], [1, []], [13, [13, 7]], [7, []], [14, []]], [[0, [2]], [2, []], [11, [5, 11]], [5, []], [12, [12, 10]], [8, [8]], [10, []]]], [[[4, [4]]], [[6, [6]]], [[11, [5, 11]]], [[12, [12, 10]]], [[8, [8]]], [[3, [3, 9]]], [[15, [15, 1]]], [[13, [13, 7]]]]]
223.88953362146952
1
----- <function Neighborhood_stack_two_truck_term at 0x00000196E531FB00> -----
[[[[0, [14, 14]], [4, [4]], [0, []], [6, [6, 1]], [3, [3, 9]], [9, []], [15, [15, 13]], [1, []], [13, []], [7, [7]], [14, []]], [[0, [2]], [2, []], [11, [5, 11]], [5, []], [12, [12, 10]], [8, [8]], [10, []]]], [[[4, [4]]], [[6, [6, 1]]], [[11, [5, 11]]], [[12, [12, 10]]], [[8, [8]]], [[3, [3, 9]]], [[15, [15, 13]]], [[7, [7]]]]]
---------- 12 --------------------------
[[[[0, [14, 14]], [4, [4]], [0, []], [6, [6, 1]], [3, [3, 9]], [9, []], [15, [15, 13]], [1, []], [13, []], [7, [7]], [14, []]], [[0, [2]], [2, []], [11, [5, 11]], [5, []], [12, [12, 10]], [8, [8]], [10, []]]], [[[4, [4]]], [[11, [5, 11]]], [[6, [6, 1]]], [[12, [12, 10]]], [[8, [8]]], [[3, [3, 9]]], [[15, [15, 13]]], [[7, [7]]]]]
214.2
7
----- <function Neighborhood_one_opt_standard at 0x00000196E531E2A0> -----
[[[[0, [14, 14, 2]], [2, []], [4, [4]], [0, []], [6, [6, 1]], [3, [3, 9]], [9, []], [15, [15, 13]], [1, []], [13, []], [7, [7]], [14, []]], [[0, []], [11, [5, 11]], [5, []], [12, [12, 10]], [8, [8]], [10, []]]], [[[4, [4]]], [[11, [5, 11]]], [[6, [6, 1]]], [[12, [12, 10]]], [[8, [8]]], [[3, [3, 9]]], [[15, [15, 13]]], [[7, [7]]]]]
---------- 0 --------------------------
[[[[0, [14, 14, 2]], [2, []], [4, [4]], [0, []], [6, [6, 1]], [3, [3, 9]], [9, []], [15, [15, 13]], [1, []], [13, []], [7, [7]], [14, []]], [[0, []], [11, [5, 11]], [5, []], [12, [12, 10]], [8, [8]], [10, []]]], [[[4, [4]]], [[11, [5, 11]]], [[6, [6, 1]]], [[12, [12, 10]]], [[8, [8]]], [[3, [3, 9]]], [[15, [15, 13]]], [[7, [7]]]]]
213.57323553374528
2
----- <function Neighborhood_two_opt_tue at 0x00000196E531E160> -----
[[[[0, [2]], [2, []], [4, [4]], [0, [10]], [6, [6]], [3, [3, 8]], [8, []], [10, []]], [[0, [14]], [11, [5, 11]], [5, []], [12, [12, 9]], [9, []], [15, [15, 1]], [1, []], [13, [13, 7]], [7, []], [14, []]]], [[[4, [4]]], [[11, [5, 11]]], [[6, [6]]], [[12, [12, 9]]], [[3, [3, 8]]], [[15, [15, 1]]], [[13, [13, 7]]]]]
---------- 0 --------------------------
[[[[0, [2]], [2, []], [4, [4]], [0, []], [6, [6, 10]], [3, [3, 8]], [8, []], [10, []]], [[0, [14]], [11, [5, 11]], [5, []], [12, [12]], [9, [9]], [15, [15, 1]], [1, []], [13, [13, 7]], [7, []], [14, []]]], [[[4, [4]]], [[11, [5, 11]]], [[12, [12]]], [[6, [6, 10]]], [[9, [9]]], [[3, [3, 8]]], [[15, [15, 1]]], [[13, [13, 7]]]]]
213.41323553374525
5
----- <function Neighborhood_split_two_truck_term at 0x00000196E531FC40> -----
[[[[0, [2]], [2, []], [4, [4]], [0, []], [6, [6]], [0, [10]], [3, [3, 8]], [8, []], [10, []]], [[0, [14]], [11, [5, 11]], [5, []], [12, [12]], [9, [9]], [15, [15, 1]], [1, []], [13, [13, 7]], [7, []], [14, []]]], [[[4, [4]]], [[11, [5, 11]]], [[12, [12]]], [[6, [6]]], [[9, [9]]], [[3, [3, 8]]], [[15, [15, 1]]], [[13, [13, 7]]]]]
---------- 0 --------------------------
[[[[0, [2]], [2, []], [4, [4]], [0, []], [6, [6]], [0, [10]], [3, [3, 8]], [8, []], [10, []]], [[0, [14]], [11, [5, 11]], [5, []], [12, [12]], [9, [9]], [15, [15, 1]], [1, []], [13, [13, 7]], [7, []], [14, []]]], [[[4, [4]]], [[11, [5, 11]]], [[12, [12]]], [[6, [6]]], [[9, [9]]], [[3, [3, 8]]], [[15, [15, 1]]], [[13, [13, 7]]]]]
226.5295336214695
6
----- <function Neighborhood_one_opt_standard at 0x00000196E531E2A0> -----
[[[[0, [2]], [2, []], [4, [4]], [0, []], [6, [6]], [0, [10]], [3, [3, 8]], [10, []], [8, []]], [[0, [14]], [11, [5, 11]], [5, []], [12, [12]], [9, [9]], [15, [15, 1]], [1, []], [13, [13, 7]], [7, []], [14, []]]], [[[4, [4]]], [[11, [5, 11]]], [[12, [12]]], [[6, [6]]], [[9, [9]]], [[3, [3, 8]]], [[15, [15, 1]]], [[13, [13, 7]]]]]
---------- 1 --------------------------
[[[[0, [2]], [2, []], [4, [4]], [0, []], [6, [6]], [0, [10]], [3, [3, 8]], [10, []], [8, []]], [[0, [14]], [11, [5, 11]], [5, []], [12, [12]], [9, [9]], [15, [15, 1]], [1, []], [13, [13, 7]], [7, []], [14, []]]], [[[4, [4]]], [[11, [5, 11]]], [[12, [12]]], [[6, [6]]], [[9, [9]]], [[3, [3, 8]]], [[15, [15, 1]]], [[13, [13, 7]]]]]
226.5295336214695
2
----- <function Neighborhood_two_opt_tue at 0x00000196E531E160> -----
[[[[0, [2, 14]], [2, []], [4, [4]], [0, []], [6, [6]], [0, []], [3, [3, 15]], [15, []], [1, [1, 7]], [13, [13]], [7, []], [14, []]], [[0, [10]], [11, [5, 11]], [5, []], [12, [12, 8]], [9, [9]], [10, []], [8, []]]], [[[4, [4]]], [[11, [5, 11]]], [[12, [12, 8]]], [[6, [6]]], [[9, [9]]], [[3, [3, 15]]], [[1, [1, 7]]], [[13, [13]]]]]
---------- 2 --------------------------
[[[[0, [2, 14]], [2, []], [4, [4]], [0, []], [6, [6]], [0, []], [3, [3, 15]], [15, []], [1, [1, 7]], [13, [13]], [7, []], [14, []]], [[0, [10]], [11, [5, 11]], [5, []], [12, [12, 8]], [9, [9]], [10, []], [8, []]]], [[[4, [4]]], [[11, [5, 11]]], [[12, [12, 8]]], [[6, [6]]], [[9, [9]]], [[3, [3, 15]]], [[1, [1, 7]]], [[13, [13]]]]]
229.48860300250422
5
----- <function Neighborhood_move_2_1 at 0x00000196E531E0C0> -----
[[[[0, [2, 14]], [2, []], [4, [4]], [0, []], [6, [6]], [0, []], [3, [3, 13]], [13, []], [15, [15, 1]], [1, []], [7, [7]], [14, []]], [[0, [10]], [11, [5, 11]], [5, []], [12, [12, 8]], [9, [9]], [10, []], [8, []]]], [[[4, [4]]], [[11, [5, 11]]], [[12, [12, 8]]], [[6, [6]]], [[9, [9]]], [[3, [3, 13]]], [[15, [15, 1]]], [[7, [7]]]]]
---------- 3 --------------------------
[[[[0, [2, 14]], [2, []], [4, [4]], [0, []], [6, [6]], [0, []], [3, [3, 13]], [13, []], [15, [15, 1]], [1, []], [7, [7]], [14, []]], [[0, [10]], [11, [5, 11]], [5, []], [12, [12, 8]], [9, [9]], [10, []], [8, []]]], [[[4, [4]]], [[11, [5, 11]]], [[12, [12, 8]]], [[6, [6]]], [[9, [9]]], [[3, [3, 13]]], [[15, [15, 1]]], [[7, [7]]]]]
229.48860300250422
4
----- <function Neighborhood_stack_two_truck_term at 0x00000196E531FB00> -----
[[[[0, [2, 14]], [2, []], [4, [4, 6]], [6, []], [0, []], [3, [3, 13]], [13, []], [15, [15, 1]], [1, []], [7, [7]], [14, []]], [[0, [10]], [11, [5, 11]], [5, []], [12, [12, 8]], [9, [9]], [10, []], [8, []]]], [[[4, [4, 6]]], [[11, [5, 11]]], [[12, [12, 8]]], [[9, [9]]], [[3, [3, 13]]], [[15, [15, 1]]], [[7, [7]]]]]
---------- 4 --------------------------
[[[[0, [2, 14]], [2, []], [4, [4, 6]], [6, []], [0, []], [3, [3, 13]], [13, []], [15, [15, 1]], [1, []], [7, [7]], [14, []]], [[0, [10]], [11, [5, 11]], [5, []], [12, [12]], [9, [9, 8]], [10, []], [8, []]]], [[[4, [4, 6]]], [[11, [5, 11]]], [[12, [12]]], [[9, [9, 8]]], [[3, [3, 13]]], [[15, [15, 1]]], [[7, [7]]]]]
226.76953362146952
7
----- <function Neighborhood_stack_two_truck_term at 0x00000196E531FB00> -----
[[[[0, [2, 14, 14]], [2, []], [4, [4, 6]], [6, []], [3, [3, 13]], [13, []], [15, [15, 1]], [1, []], [7, [7]], [14, []]], [[0, [10]], [11, [5, 11]], [5, []], [12, [12]], [9, [9, 8]], [10, []], [8, []]]], [[[4, [4, 6]]], [[11, [5, 11]]], [[12, [12]]], [[9, [9, 8]]], [[3, [3, 13]]], [[15, [15, 1]]], [[7, [7]]]]]
---------- 5 --------------------------
[[[[0, [2, 14, 14]], [2, []], [4, [4, 6]], [6, []], [3, [3, 13]], [13, []], [15, [15, 1]], [1, []], [7, [7]], [14, []]], [[0, [10]], [11, [5, 11]], [5, []], [12, [12]], [9, [9, 8]], [10, []], [8, []]]], [[[4, [4, 6]]], [[11, [5, 11]]], [[12, [12]]], [[9, [9, 8]]], [[3, [3, 13]]], [[15, [15, 1]]], [[7, [7]]]]]
224.65323553374526
7
----- <function Neighborhood_two_opt_tue at 0x00000196E531E160> -----
[[[[0, [2]], [2, []], [4, [4, 6]], [6, []], [3, [3, 13]], [13, []], [15, [15, 8]], [8, []]], [[0, [10, 14]], [11, [5, 11]], [5, []], [12, [12, 1]], [9, [9, 7]], [10, []], [1, []], [7, []], [14, []]]], [[[4, [4, 6]]], [[11, [5, 11]]], [[12, [12, 1]]], [[9, [9, 7]]], [[3, [3, 13]]], [[15, [15, 8]]]]]
---------- 6 --------------------------
[[[[0, [2]], [2, []], [4, [4, 6]], [6, []], [3, [3, 13]], [13, []], [15, [15, 8]], [8, []]], [[0, [10, 14]], [11, [5, 11]], [5, []], [12, [12, 1]], [9, [9, 7]], [10, []], [1, []], [7, []], [14, []]]], [[[4, [4, 6]]], [[11, [5, 11]]], [[12, [12, 1]]], [[9, [9, 7]]], [[3, [3, 13]]], [[15, [15, 8]]]]]
237.69323553374528
5
----- <function Neighborhood_two_opt_tue at 0x00000196E531E160> -----
[[[[0, [2, 10, 14]], [2, []], [4, [4, 6]], [6, []], [3, [3, 13]], [13, []], [10, []], [1, [1, 7]], [7, []], [14, []]], [[0, []], [11, [5, 11]], [5, []], [12, [12, 15]], [9, [9, 8]], [15, []], [8, []]]], [[[4, [4, 6]]], [[11, [5, 11]]], [[12, [12, 15]]], [[9, [9, 8]]], [[3, [3, 13]]], [[1, [1, 7]]]]]
---------- 7 --------------------------
[[[[0, [2, 10, 14]], [2, []], [4, [4, 6]], [6, []], [3, [3, 13]], [13, []], [10, []], [1, [1, 7]], [7, []], [14, []]], [[0, []], [11, [5, 11]], [5, []], [12, [12]], [9, [9, 8]], [15, [15]], [8, []]]], [[[4, [4, 6]]], [[11, [5, 11]]], [[12, [12]]], [[9, [9, 8]]], [[3, [3, 13]]], [[15, [15]]], [[1, [1, 7]]]]]
236.24953362146954
5
----- <function Neighborhood_one_opt_standard at 0x00000196E531E2A0> -----
[[[[0, [2, 10, 14]], [2, []], [4, [4, 6]], [6, []], [3, [3, 13]], [13, []], [10, []], [1, [1, 7]], [7, []], [14, []]], [[0, []], [11, [5, 11]], [5, []], [12, [12, 8]], [15, [15, 9]], [9, []], [8, []]]], [[[4, [4, 6]]], [[11, [5, 11]]], [[12, [12, 8]]], [[3, [3, 13]]], [[15, [15, 9]]], [[1, [1, 7]]]]]
---------- 8 --------------------------
[[[[0, [2, 10, 14]], [2, []], [4, [4, 6]], [6, []], [3, [3, 13]], [13, []], [10, []], [1, [1, 7]], [7, []], [14, []]], [[0, []], [11, [5, 11]], [5, []], [12, [12, 8]], [15, [15, 9]], [9, []], [8, []]]], [[[4, [4, 6]]], [[11, [5, 11]]], [[12, [12, 8]]], [[3, [3, 13]]], [[15, [15, 9]]], [[1, [1, 7]]]]]
236.24953362146954
1
----- <function Neighborhood_split_two_truck_term at 0x00000196E531FC40> -----
[[[[0, [2, 14]], [2, []], [4, [4]], [0, [10]], [6, [6, 1]], [3, [3, 13]], [13, []], [10, []], [1, []], [7, [7]], [14, []]], [[0, []], [11, [5, 11]], [5, []], [12, [12, 8]], [15, [15, 9]], [9, []], [8, []]]], [[[4, [4]]], [[6, [6, 1]]], [[11, [5, 11]]], [[12, [12, 8]]], [[3, [3, 13]]], [[7, [7]]], [[15, [15, 9]]]]]
---------- 9 --------------------------
[[[[0, [2, 14]], [2, []], [4, [4]], [0, [10]], [6, [6, 1]], [3, [3, 13]], [13, []], [10, []], [1, []], [7, [7]], [14, []]], [[0, []], [11, [5, 11]], [5, []], [12, [12, 8]], [15, [15, 9]], [9, []], [8, []]]], [[[4, [4]]], [[6, [6, 1]]], [[11, [5, 11]]], [[12, [12, 8]]], [[3, [3, 13]]], [[7, [7]]], [[15, [15, 9]]]]]
237.28953362146956
6
----- <function Neighborhood_one_opt_standard at 0x00000196E531E2A0> -----
[[[[0, [2, 14]], [2, []], [4, [4]], [0, [10]], [6, [6, 1]], [3, [3, 13]], [13, []], [1, []], [10, []], [7, [7]], [14, []]], [[0, []], [11, [5, 11]], [5, []], [12, [12, 8]], [15, [15, 9]], [9, []], [8, []]]], [[[4, [4]]], [[6, [6, 1]]], [[11, [5, 11]]], [[12, [12, 8]]], [[3, [3, 13]]], [[7, [7]]], [[15, [15, 9]]]]]
---------- 10 --------------------------
[[[[0, [2, 14]], [2, []], [4, [4]], [0, [10]], [6, [6, 1]], [3, [3, 13]], [13, []], [1, []], [10, []], [7, [7]], [14, []]], [[0, []], [11, [5, 11]], [5, []], [12, [12, 8]], [15, [15, 9]], [9, []], [8, []]]], [[[4, [4]]], [[6, [6, 1]]], [[11, [5, 11]]], [[12, [12, 8]]], [[3, [3, 13]]], [[7, [7]]], [[15, [15, 9]]]]]
236.8495336214695
1
----- <function Neighborhood_move_2_1 at 0x00000196E531E0C0> -----
[[[[0, [2, 14]], [2, []], [4, [4]], [0, []], [6, [6, 1]], [3, [3, 13]], [13, []], [1, []], [15, [15, 9]], [9, []], [7, [7]], [14, []]], [[0, [10]], [11, [5, 11]], [5, []], [12, [12, 8]], [10, []], [8, []]]], [[[4, [4]]], [[6, [6, 1]]], [[11, [5, 11]]], [[12, [12, 8]]], [[3, [3, 13]]], [[15, [15, 9]]], [[7, [7]]]]]
---------- 11 --------------------------
[[[[0, [2, 14]], [2, []], [4, [4]], [0, []], [6, [6, 1]], [3, [3, 13, 9]], [13, []], [1, []], [15, [15, 7]], [9, []], [7, []], [14, []]], [[0, [10]], [11, [5, 11]], [5, []], [12, [12, 8]], [10, []], [8, []]]], [[[4, [4]]], [[11, [5, 11]]], [[6, [6, 1]]], [[12, [12, 8]]], [[3, [9]]], [[3, [3, 13]]], [[15, [15, 7]]]]]
213.36953362146954
4
----- <function Neighborhood_move_2_1 at 0x00000196E531E0C0> -----
[[[[0, [2, 14]], [2, []], [4, [4]], [0, []], [6, [6, 1]], [3, [3, 9]], [9, []], [15, [15, 7]], [13, [13]], [1, []], [7, []], [14, []]], [[0, [10]], [11, [5, 11]], [5, []], [12, [12, 8]], [10, []], [8, []]]], [[[4, [4]]], [[11, [5, 11]]], [[6, [6, 1]]], [[12, [12, 8]]], [[3, [3, 9]]], [[15, [15, 7]]], [[13, [13]]]]]
---------- 0 --------------------------
[[[[0, [2, 14]], [2, []], [4, [4]], [0, []], [6, [6, 1]], [3, [3, 9]], [9, []], [15, [15, 7]], [13, [13]], [1, []], [7, []], [14, []]], [[0, [10]], [11, [5, 11]], [5, []], [12, [12, 8]], [10, []], [8, []]]], [[[4, [4]]], [[11, [5, 11]]], [[6, [6, 1]]], [[12, [12, 8]]], [[3, [3, 9]]], [[15, [15, 7]]], [[13, [13]]]]]
212.28953362146956
4
----- <function Neighborhood_two_opt_tue at 0x00000196E531E160> -----
[[[[0, [2, 5, 10]], [2, []], [4, [4]], [5, []], [12, [12, 8]], [10, []], [8, []]], [[0, [14]], [11, [11]], [0, []], [6, [6, 1]], [3, [3, 9]], [9, []], [15, [15, 13]], [13, []], [1, []], [7, [7]], [14, []]]], [[[4, [4]]], [[11, [11]]], [[6, [6, 1]]], [[12, [12, 8]]], [[3, [3, 9]]], [[15, [15, 13]]], [[7, [7]]]]]
---------- 0 --------------------------
[[[[0, [2]], [2, []], [4, [4, 5, 10]], [5, []], [12, [12, 8]], [10, []], [8, []]], [[0, [14]], [11, [11]], [0, []], [6, [6, 1]], [3, [3, 9, 13]], [9, []], [15, [15, 7]], [13, []], [1, []], [7, []], [14, []]]], [[[4, [4]]], [[4, [5, 10]]], [[11, [11]]], [[12, [12, 8]]], [[6, [6, 1]]], [[3, [13]]], [[3, [3, 9]]], [[15, [15, 7]]]]]
224.27230277668434
5
----- <function Neighborhood_one_opt_standard at 0x00000196E531E2A0> -----
[[[[0, [2, 5, 10, 4]], [2, []], [5, []], [12, [12, 8]], [4, []], [10, []], [8, []]], [[0, [14]], [11, [11]], [0, []], [6, [6, 1]], [3, [3, 9, 13]], [9, []], [15, [15, 7]], [13, []], [1, []], [7, []], [14, []]]], [[[11, [11]]], [[12, [12, 8]]], [[6, [6, 1]]], [[3, [13]]], [[3, [3, 9]]], [[15, [15, 7]]]]]
---------- 1 --------------------------
[[[[0, [2, 5, 10, 4]], [2, []], [5, []], [12, [12, 8]], [4, []], [10, []], [8, []]], [[0, [14]], [11, [11]], [0, []], [6, [6, 1]], [3, [3, 9, 13]], [9, []], [15, [15, 7]], [13, []], [1, []], [7, []], [14, []]]], [[[11, [11]]], [[12, [12, 8]]], [[6, [6, 1]]], [[3, [13]]], [[3, [3, 9]]], [[15, [15, 7]]]]]
218.11999999999998
1
----- <function Neighborhood_move_2_1 at 0x00000196E531E0C0> -----
[[[[0, [2, 5, 10, 4]], [2, []], [5, []], [12, [12, 8]], [4, []], [10, []], [8, []]], [[0, [14]], [11, [11]], [0, []], [6, [6, 1]], [3, [3, 9, 13, 7]], [9, []], [15, [15]], [13, []], [14, []], [1, []], [7, []]]], [[[11, [11]]], [[12, [12, 8]]], [[6, [6, 1]]], [[3, [13, 7]]], [[3, [3, 9]]], [[15, [15]]]]]
---------- 2 --------------------------
[[[[0, [2, 5, 10, 4]], [2, []], [5, []], [12, [12, 8]], [4, []], [10, []], [8, []]], [[0, [14]], [11, [11]], [0, [1]], [6, [6, 9]], [3, [3, 13, 7, 15]], [9, []], [15, []], [13, []], [14, []], [1, []], [7, []]]], [[[12, [12, 8]]], [[11, [11]]], [[6, [6, 9]]], [[3, [13, 7]]], [[3, [3, 15]]]]]
218.11999999999998
4
----- <function Neighborhood_stack_two_truck_term at 0x00000196E531FB00> -----
[[[[0, [2, 5, 10, 4]], [2, []], [5, []], [12, [12, 8]], [4, []], [10, []], [8, []]], [[0, [14, 14]], [11, [11, 6]], [6, []], [3, [3, 9]], [9, []], [15, [15, 13]], [13, []], [14, []], [1, [1, 7]], [7, []]]], [[[12, [12, 8]]], [[11, [11, 6]]], [[3, [3, 9]]], [[15, [15, 13]]], [[1, [1, 7]]]]]
---------- 3 --------------------------
[[[[0, [2, 5, 10, 4]], [2, []], [5, []], [12, [12, 8]], [4, []], [10, []], [8, []]], [[0, [14, 14]], [11, [11, 6]], [6, []], [3, [3, 9]], [9, []], [15, [15, 13]], [13, []], [14, []], [1, [1, 7]], [7, []]]], [[[12, [12, 8]]], [[11, [11, 6]]], [[3, [3, 9]]], [[15, [15, 13]]], [[1, [1, 7]]]]]
221.25323553374525
7
----- <function Neighborhood_move_2_1 at 0x00000196E531E0C0> -----
[[[[0, [2, 10, 4, 6]], [2, []], [6, []], [4, []], [10, []], [8, [8]]], [[0, [14, 14]], [11, [11, 5]], [5, []], [12, [12]], [3, [3, 9]], [9, []], [15, [15, 13]], [13, []], [14, []], [1, [1, 7]], [7, []]]], [[[11, [11, 5]]], [[12, [12]]], [[8, [8]]], [[3, [3, 9]]], [[15, [15, 13]]], [[1, [1, 7]]]]]
---------- 4 --------------------------
[[[[0, [2, 10, 4, 6]], [2, []], [6, []], [4, []], [10, []], [8, [8]]], [[0, [14, 14]], [11, [11, 5]], [5, []], [12, [12]], [3, [3, 9]], [9, []], [15, [15, 13]], [13, []], [14, []], [1, [1, 7]], [7, []]]], [[[11, [11, 5]]], [[12, [12]]], [[8, [8]]], [[3, [3, 9]]], [[15, [15, 13]]], [[1, [1, 7]]]]]
220.57323553374528
4
----- <function Neighborhood_move_2_1 at 0x00000196E531E0C0> -----
[[[[0, [10, 4, 2, 6]], [4, []], [2, []], [6, []], [10, []], [8, [8]]], [[0, [14, 14]], [11, [11, 5]], [5, []], [12, [12]], [3, [3, 9]], [9, []], [15, [15, 13]], [13, []], [14, []], [1, [1, 7]], [7, []]]], [[[11, [11, 5]]], [[12, [12]]], [[8, [8]]], [[3, [3, 9]]], [[15, [15, 13]]], [[1, [1, 7]]]]]
---------- 5 --------------------------
[[[[0, [10, 4, 2, 6]], [4, []], [2, []], [6, []], [10, []], [8, [8]]], [[0, [14, 14]], [11, [11, 5]], [5, []], [12, [12]], [3, [3, 9]], [9, []], [15, [15, 13]], [13, []], [14, []], [1, [1, 7]], [7, []]]], [[[11, [11, 5]]], [[12, [12]]], [[8, [8]]], [[3, [3, 9]]], [[15, [15, 13]]], [[1, [1, 7]]]]]
220.57323553374528
4
----- <function Neighborhood_move_1_1_standard at 0x00000196E531DF80> -----
[[[[0, [10, 4, 2, 6]], [4, []], [2, []], [6, []], [10, []], [8, [8]]], [[0, [14]], [11, [11, 5]], [5, []], [12, [12, 1]], [3, [3, 9]], [9, []], [15, [15, 13]], [13, []], [1, []], [14, []], [7, [7]]]], [[[11, [11, 5]]], [[12, [12, 1]]], [[8, [8]]], [[3, [3, 9]]], [[15, [15, 13]]], [[7, [7]]]]]
---------- 6 --------------------------
[[[[0, [10, 4, 2, 6]], [4, []], [2, []], [6, []], [10, []], [8, [8]]], [[0, [14]], [11, [11, 5]], [5, []], [12, [12, 1]], [3, [3, 9, 13]], [9, []], [15, [15, 7]], [13, []], [1, []], [14, []], [7, []]]], [[[11, [11, 5]]], [[12, [12, 1]]], [[3, [13]]], [[3, [3, 9]]], [[8, [8]]], [[15, [15, 7]]]]]
210.17323553374527
3
----- <function Neighborhood_split_two_truck_term at 0x00000196E531FC40> -----
[[[[0, [4]], [4, []], [0, [2, 10]], [2, []], [6, [6]], [10, []], [8, [8]]], [[0, [14]], [11, [11, 5]], [5, []], [12, [12, 1]], [3, [3, 9, 13]], [9, []], [15, [15, 7]], [13, []], [1, []], [14, []], [7, []]]], [[[6, [6]]], [[11, [11, 5]]], [[12, [12, 1]]], [[3, [13]]], [[8, [8]]], [[3, [3, 9]]], [[15, [15, 7]]]]]
---------- 0 --------------------------
[[[[0, [4]], [4, []], [0, [2, 10]], [2, []], [6, [6]], [10, []], [8, [8]]], [[0, [14]], [11, [11, 5]], [5, []], [12, [12, 1]], [3, [3, 9, 13]], [9, []], [15, [15, 7]], [13, []], [1, []], [14, []], [7, []]]], [[[6, [6]]], [[11, [11, 5]]], [[12, [12, 1]]], [[3, [13]]], [[3, [3, 9]]], [[8, [8]]], [[15, [15, 7]]]]]
210.17323553374527
6
----- <function Neighborhood_two_opt_tue at 0x00000196E531E160> -----
[[[[0, [4, 14]], [4, []], [0, []], [3, [3, 9]], [9, []], [15, [15, 13]], [13, []], [1, [1, 7]], [14, []], [7, []]], [[0, [2, 10]], [11, [11, 5]], [5, []], [12, [12, 6]], [2, []], [6, []], [10, []], [8, [8]]]], [[[11, [11, 5]]], [[12, [12, 6]]], [[8, [8]]], [[3, [3, 9]]], [[15, [15, 13]]], [[1, [1, 7]]]]]
---------- 1 --------------------------
[[[[0, [4, 14]], [4, []], [0, []], [3, [3, 9]], [9, []], [15, [15, 13]], [13, []], [1, [1, 7]], [14, []], [7, []]], [[0, [10]], [11, [11, 5, 2]], [5, []], [12, [12, 8, 6]], [2, []], [6, []], [10, []], [8, []]]], [[[11, [11, 5]]], [[11, [2]]], [[12, [6]]], [[12, [12, 8]]], [[3, [3, 9]]], [[15, [15, 13]]], [[1, [1, 7]]]]]
222.64860300250422
5
----- <function Neighborhood_move_2_1 at 0x00000196E531E0C0> -----
[[[[0, [4, 14]], [4, []], [0, []], [9, [9, 15]], [15, []], [3, [3, 13]], [13, []], [1, [1, 7]], [14, []], [7, []]], [[0, [10]], [11, [11, 5, 2]], [5, []], [12, [12, 8, 6]], [2, []], [6, []], [10, []], [8, []]]], [[[11, [11, 5]]], [[11, [2]]], [[12, [6]]], [[12, [12, 8]]], [[9, [9, 15]]], [[3, [3, 13]]], [[1, [1, 7]]]]]
---------- 2 --------------------------
[[[[0, [14]], [4, [4]], [0, []], [9, [9, 15]], [15, []], [3, [3, 13]], [13, []], [1, [1, 7]], [14, []], [7, []]], [[0, [10, 2]], [11, [11, 5]], [5, []], [12, [12, 8, 6]], [2, []], [6, []], [10, []], [8, []]]], [[[11, [11, 5]]], [[4, [4]]], [[12, [6]]], [[12, [12, 8]]], [[9, [9, 15]]], [[3, [3, 13]]], [[1, [1, 7]]]]]
222.64860300250422
4
----- <function Neighborhood_one_opt_standard at 0x00000196E531E2A0> -----
[[[[0, [14]], [4, [4]], [0, []], [9, [9, 15]], [3, [3, 13]], [15, []], [13, []], [1, [1, 7]], [14, []], [7, []]], [[0, [10, 2]], [11, [11, 5]], [5, []], [12, [12, 8, 6]], [2, []], [6, []], [10, []], [8, []]]], [[[11, [11, 5]]], [[4, [4]]], [[12, [6]]], [[12, [12, 8]]], [[9, [9, 15]]], [[3, [3, 13]]], [[1, [1, 7]]]]]
---------- 3 --------------------------
[[[[0, [14]], [4, [4]], [0, []], [9, [9, 15]], [3, [3, 13]], [15, []], [13, []], [1, [1, 7]], [14, []], [7, []]], [[0, [10, 2]], [11, [11, 5]], [5, []], [12, [12, 8, 6]], [2, []], [6, []], [10, []], [8, []]]], [[[11, [11, 5]]], [[4, [4]]], [[12, [6]]], [[12, [12, 8]]], [[9, [9, 15]]], [[3, [3, 13]]], [[1, [1, 7]]]]]
222.64860300250422
1
----- <function Neighborhood_stack_two_truck_term at 0x00000196E531FB00> -----
[[[[0, [14, 14]], [4, [4]], [9, [9, 3]], [3, []], [15, [15, 13]], [13, []], [1, [1, 7]], [14, []], [7, []]], [[0, [10, 2]], [11, [11, 5]], [5, []], [12, [12, 8, 6]], [2, []], [6, []], [10, []], [8, []]]], [[[11, [11, 5]]], [[4, [4]]], [[12, [6]]], [[12, [12, 8]]], [[9, [9, 3]]], [[15, [15, 13]]], [[1, [1, 7]]]]]
---------- 4 --------------------------
[[[[0, [14, 14]], [4, [4]], [9, [9, 3]], [3, []], [15, [15, 13]], [13, []], [1, [1, 7]], [14, []], [7, []]], [[0, [10, 2]], [11, [11, 5]], [5, []], [12, [12, 8, 6]], [2, []], [6, []], [10, []], [8, []]]], [[[11, [11, 5]]], [[4, [4]]], [[12, [6]]], [[12, [12, 8]]], [[9, [9, 3]]], [[15, [15, 13]]], [[1, [1, 7]]]]]
222.64860300250422
7
----- <function Neighborhood_one_opt_standard at 0x00000196E531E2A0> -----
[[[[0, [14, 14]], [4, [4]], [3, [3]], [9, [9]], [15, [15, 13]], [13, []], [1, [1, 7]], [14, []], [7, []]], [[0, [10, 2]], [11, [11, 5]], [5, []], [12, [12, 8, 6]], [2, []], [6, []], [10, []], [8, []]]], [[[11, [11, 5]]], [[4, [4]]], [[12, [6]]], [[12, [12, 8]]], [[3, [3]]], [[9, [9]]], [[15, [15, 13]]], [[1, [1, 7]]]]]
---------- 5 --------------------------
[[[[0, [14, 14]], [4, [4]], [3, [3]], [9, [9]], [15, [15, 13]], [13, []], [1, [1, 7]], [14, []], [7, []]], [[0, [10, 2]], [11, [11, 5]], [5, []], [12, [12, 8, 6]], [2, []], [6, []], [10, []], [8, []]]], [[[11, [11, 5]]], [[4, [4]]], [[12, [6]]], [[12, [12, 8]]], [[3, [3]]], [[9, [9]]], [[15, [15, 13]]], [[1, [1, 7]]]]]
222.64860300250422
2
----- <function Neighborhood_one_opt_standard at 0x00000196E531E2A0> -----
[[[[0, [14, 14, 2]], [2, []], [4, [4]], [3, [3]], [9, [9]], [15, [15, 13]], [13, []], [1, [1, 7]], [14, []], [7, []]], [[0, [10]], [11, [11, 5]], [5, []], [12, [12, 8, 6]], [6, []], [10, []], [8, []]]], [[[11, [11, 5]]], [[4, [4]]], [[12, [6]]], [[12, [12, 8]]], [[3, [3]]], [[9, [9]]], [[15, [15, 13]]], [[1, [1, 7]]]]]
---------- 6 --------------------------
[[[[0, [14, 14, 2]], [2, []], [4, [4]], [3, [3]], [9, [9]], [15, [15, 13]], [13, []], [1, [1, 7]], [14, []], [7, []]], [[0, [10]], [11, [11, 5]], [5, []], [12, [12, 8, 6]], [6, []], [10, []], [8, []]]], [[[11, [11, 5]]], [[4, [4]]], [[12, [6]]], [[12, [12, 8]]], [[3, [3]]], [[9, [9]]], [[15, [15, 13]]], [[1, [1, 7]]]]]
213.40860300250424
2
----- <function Neighborhood_one_opt_standard at 0x00000196E531E2A0> -----
[[[[0, [14, 14, 2]], [2, []], [4, [4]], [3, [3, 13]], [9, [9]], [15, [15]], [1, [1, 7]], [13, []], [14, []], [7, []]], [[0, [10]], [11, [11, 5]], [5, []], [12, [12, 8, 6]], [6, []], [10, []], [8, []]]], [[[11, [11, 5]]], [[4, [4]]], [[12, [6]]], [[12, [12, 8]]], [[3, [3, 13]]], [[9, [9]]], [[15, [15]]], [[1, [1, 7]]]]]
---------- 7 --------------------------
[[[[0, [14, 14, 2]], [2, []], [4, [4]], [3, [3, 13]], [9, [9]], [15, [15]], [1, [1, 7]], [13, []], [14, []], [7, []]], [[0, [10]], [11, [11, 5]], [5, []], [12, [12, 8, 6]], [6, []], [10, []], [8, []]]], [[[11, [11, 5]]], [[4, [4]]], [[12, [6]]], [[12, [12, 8]]], [[3, [3, 13]]], [[9, [9]]], [[15, [15]]], [[1, [1, 7]]]]]
213.40860300250424
1
----- <function Neighborhood_move_2_1 at 0x00000196E531E0C0> -----
[[[[0, [14, 14, 2]], [2, []], [4, [4]], [3, [3, 13]], [9, [9]], [15, [15]], [1, [1, 7]], [13, []], [14, []], [7, []]], [[0, [10, 6]], [11, [11, 5]], [5, []], [12, [12, 8]], [10, []], [8, []], [6, []]]], [[[11, [11, 5]]], [[4, [4]]], [[12, [12, 8]]], [[3, [3, 13]]], [[9, [9]]], [[15, [15]]], [[1, [1, 7]]]]]
---------- 8 --------------------------
[[[[0, [14, 14, 2]], [2, []], [4, [4]], [3, [3, 13]], [9, [9]], [15, [15]], [1, [1, 7]], [13, []], [14, []], [7, []]], [[0, [10]], [11, [11, 5]], [5, []], [12, [12, 8, 6]], [10, []], [8, []], [6, []]]], [[[11, [11, 5]]], [[4, [4]]], [[12, [6]]], [[12, [12, 8]]], [[3, [3, 13]]], [[9, [9]]], [[15, [15]]], [[1, [1, 7]]]]]
213.4086030025042
4
----- <function Neighborhood_split_two_truck_term at 0x00000196E531FC40> -----
[[[[0, [2, 14]], [2, []], [0, []], [4, [4]], [3, [3, 9]], [9, []], [15, [15, 1]], [1, []], [13, [13, 7]], [14, []], [7, []]], [[0, [10]], [11, [11, 5]], [5, []], [12, [12, 8, 6]], [10, []], [8, []], [6, []]]], [[[4, [4]]], [[11, [11, 5]]], [[12, [6]]], [[12, [12, 8]]], [[3, [3, 9]]], [[15, [15, 1]]], [[13, [13, 7]]]]]
---------- 9 --------------------------
[[[[0, [2, 14]], [2, []], [0, []], [4, [4]], [3, [3, 9]], [9, []], [15, [15, 1]], [1, []], [13, [13, 7]], [14, []], [7, []]], [[0, [10]], [11, [11, 5]], [5, []], [12, [12, 8, 6]], [10, []], [8, []], [6, []]]], [[[4, [4]]], [[11, [11, 5]]], [[12, [6]]], [[12, [12, 8]]], [[3, [3, 9]]], [[15, [15, 1]]], [[13, [13, 7]]]]]
213.4086030025042
6
----- <function Neighborhood_move_2_1 at 0x00000196E531E0C0> -----
[[[[0, [2, 14]], [2, []], [0, []], [11, [11, 5]], [5, []], [3, [3, 9]], [9, []], [15, [15, 1]], [1, []], [13, [13, 7]], [14, []], [7, []]], [[0, [10, 4]], [4, []], [12, [12, 8, 6]], [10, []], [8, []], [6, []]]], [[[11, [11, 5]]], [[12, [6]]], [[12, [12, 8]]], [[3, [3, 9]]], [[15, [15, 1]]], [[13, [13, 7]]]]]
---------- 10 --------------------------
[[[[0, [2, 14]], [2, []], [0, []], [11, [11, 5]], [5, []], [3, [3, 9]], [9, []], [15, [15, 1]], [1, []], [13, [13, 7]], [14, []], [7, []]], [[0, [10, 4]], [4, []], [12, [12, 8, 6]], [10, []], [8, []], [6, []]]], [[[11, [11, 5]]], [[12, [6]]], [[12, [12, 8]]], [[3, [3, 9]]], [[15, [15, 1]]], [[13, [13, 7]]]]]
213.4086030025042
4
----- <function Neighborhood_split_two_truck_term at 0x00000196E531FC40> -----
[[[[0, [2, 14]], [2, []], [0, []], [11, [11, 5]], [5, []], [3, [3, 9]], [9, []], [15, [15, 1]], [1, []], [13, [13, 7]], [14, []], [7, []]], [[0, [4]], [4, []], [12, [12]], [0, [10, 6]], [10, []], [8, [8]], [6, []]]], [[[11, [11, 5]]], [[12, [12]]], [[8, [8]]], [[3, [3, 9]]], [[15, [15, 1]]], [[13, [13, 7]]]]]
---------- 11 --------------------------
[[[[0, [2, 14]], [2, []], [0, []], [11, [11, 5]], [5, []], [3, [3, 9]], [9, []], [15, [15, 1]], [1, []], [13, [13, 7]], [14, []], [7, []]], [[0, []], [4, [4]], [12, [12]], [0, [10, 6]], [10, []], [8, [8]], [6, []]]], [[[4, [4]]], [[11, [11, 5]]], [[12, [12]]], [[8, [8]]], [[3, [3, 9]]], [[15, [15, 1]]], [[13, [13, 7]]]]]
218.4086030025042
6
----- <function Neighborhood_move_1_1_standard at 0x00000196E531DF80> -----
[[[[0, [2, 14]], [2, []], [0, []], [11, [11, 5]], [5, []], [3, [3, 9]], [9, []], [15, [15, 13]], [13, []], [1, [1, 7]], [14, []], [7, []]], [[0, []], [4, [4]], [12, [12]], [0, [10, 6]], [10, []], [8, [8]], [6, []]]], [[[4, [4]]], [[11, [11, 5]]], [[12, [12]]], [[8, [8]]], [[3, [3, 9]]], [[15, [15, 13]]], [[1, [1, 7]]]]]
---------- 12 --------------------------
[[[[0, [2, 14]], [2, []], [0, []], [11, [11, 5]], [5, []], [3, [3, 9]], [9, []], [15, [15, 13]], [13, []], [1, [1, 7]], [14, []], [7, []]], [[0, []], [4, [4]], [12, [12]], [0, [10, 6]], [10, []], [8, [8]], [6, []]]], [[[4, [4]]], [[11, [11, 5]]], [[12, [12]]], [[8, [8]]], [[3, [3, 9]]], [[15, [15, 13]]], [[1, [1, 7]]]]]
218.4086030025042
3
----- <function Neighborhood_stack_two_truck_term at 0x00000196E531FB00> -----
[[[[0, [2, 14]], [2, []], [0, []], [11, [11, 5]], [5, []], [3, [3, 9]], [9, []], [15, [15, 13]], [13, []], [1, [1, 7]], [14, []], [7, []]], [[0, [10, 6]], [4, [4]], [12, [12, 8]], [10, []], [8, []], [6, []]]], [[[4, [4]]], [[11, [11, 5]]], [[12, [12, 8]]], [[3, [3, 9]]], [[15, [15, 13]]], [[1, [1, 7]]]]]
---------- 0 --------------------------
[[[[0, [2, 14]], [2, []], [0, []], [11, [11, 5]], [5, []], [3, [3, 9]], [9, []], [15, [15, 13]], [13, []], [1, [1, 7]], [14, []], [7, []]], [[0, []], [4, [4]], [12, [12, 8, 10, 6]], [10, []], [8, []], [6, []]]], [[[4, [4]]], [[11, [11, 5]]], [[12, [10, 6]]], [[12, [12, 8]]], [[3, [3, 9]]], [[15, [15, 13]]], [[1, [1, 7]]]]]
214.28000000000003
7
----- <function Neighborhood_one_opt_standard at 0x00000196E531E2A0> -----
[[[[0, [2, 14]], [2, []], [0, []], [11, [11, 5]], [5, []], [3, [3, 9]], [9, []], [15, [15, 13]], [1, [1, 7]], [13, []], [14, []], [7, []]], [[0, []], [4, [4]], [12, [12, 8, 10, 6]], [10, []], [8, []], [6, []]]], [[[4, [4]]], [[11, [11, 5]]], [[12, [10, 6]]], [[12, [12, 8]]], [[3, [3, 9]]], [[15, [15, 13]]], [[1, [1, 7]]]]]
---------- 1 --------------------------
[[[[0, [2, 14]], [2, []], [0, []], [11, [11, 5]], [5, []], [3, [3, 9]], [9, []], [15, [15, 13]], [1, [1, 7]], [13, []], [14, []], [7, []]], [[0, []], [4, [4]], [12, [12, 8, 10, 6]], [10, []], [8, []], [6, []]]], [[[4, [4]]], [[11, [11, 5]]], [[12, [10, 6]]], [[12, [12, 8]]], [[3, [3, 9]]], [[15, [15, 13]]], [[1, [1, 7]]]]]
213.4086030025042
2
----- <function Neighborhood_move_2_1 at 0x00000196E531E0C0> -----
[[[[0, [2, 14]], [2, []], [0, []], [11, [11, 5]], [5, []], [3, [3, 9]], [9, []], [15, [15, 13]], [1, [1, 7]], [13, []], [14, []], [7, []]], [[0, [10, 4]], [6, [6]], [10, []], [8, [8, 12]], [4, []], [12, []]]], [[[6, [6]]], [[11, [11, 5]]], [[8, [8, 12]]], [[3, [3, 9]]], [[15, [15, 13]]], [[1, [1, 7]]]]]
---------- 2 --------------------------
[[[[0, [2, 14]], [2, []], [0, []], [11, [11, 5]], [5, []], [3, [3, 9]], [9, []], [15, [15, 13]], [1, [1, 7]], [13, []], [14, []], [7, []]], [[0, [10, 4]], [6, [6]], [10, []], [8, [8, 12]], [4, []], [12, []]]], [[[6, [6]]], [[11, [11, 5]]], [[8, [8, 12]]], [[3, [3, 9]]], [[15, [15, 13]]], [[1, [1, 7]]]]]
212.60000000000002
4
----- <function Neighborhood_one_opt_standard at 0x00000196E531E2A0> -----
[[[[0, [2, 14]], [2, []], [0, []], [11, [11, 5]], [5, []], [3, [3, 9]], [9, []], [15, [15, 13]], [1, [1, 7]], [13, []], [7, []], [14, []]], [[0, [10, 4]], [6, [6]], [10, []], [8, [8, 12]], [4, []], [12, []]]], [[[6, [6]]], [[11, [11, 5]]], [[8, [8, 12]]], [[3, [3, 9]]], [[15, [15, 13]]], [[1, [1, 7]]]]]
---------- 3 --------------------------
[[[[0, [2, 14]], [2, []], [0, []], [11, [11, 5]], [5, []], [3, [3, 9]], [9, []], [15, [15, 13]], [1, [1, 7]], [13, []], [7, []], [14, []]], [[0, [10, 4]], [6, [6]], [10, []], [8, [8, 12]], [4, []], [12, []]]], [[[6, [6]]], [[11, [11, 5]]], [[8, [8, 12]]], [[3, [3, 9]]], [[15, [15, 13]]], [[1, [1, 7]]]]]
212.52000000000004
2
----- <function Neighborhood_stack_two_truck_term at 0x00000196E531FB00> -----
[[[[0, [2, 14, 5, 1, 13, 7, 14]], [2, []], [11, [11]], [5, []], [3, [3, 9]], [9, []], [15, [15]], [1, []], [13, []], [7, []], [14, []]], [[0, [10, 4]], [6, [6]], [10, []], [8, [8, 12]], [4, []], [12, []]]], [[[6, [6]]], [[11, [11]]], [[8, [8, 12]]], [[3, [3, 9]]], [[15, [15]]]]]
---------- 4 --------------------------
[[[[0, [2, 14, 5, 1, 14]], [2, []], [11, [11, 13, 7]], [5, []], [3, [3, 9]], [9, []], [15, [15]], [1, []], [13, []], [7, []], [14, []]], [[0, [10, 4]], [6, [6]], [10, []], [8, [8, 12]], [4, []], [12, []]]], [[[6, [6]]], [[11, [11]]], [[11, [13, 7]]], [[8, [8, 12]]], [[3, [3, 9]]], [[15, [15]]]]]
236.56
7
----- <function Neighborhood_move_1_1_standard at 0x00000196E531DF80> -----
[[[[0, [2, 14, 5, 1, 14]], [2, []], [11, [11, 13, 7]], [5, []], [3, [3, 9]], [9, []], [15, [15]], [1, []], [13, []], [7, []], [14, []]], [[0, [10, 4, 6]], [4, []], [10, []], [8, [8, 12]], [6, []], [12, []]]], [[[11, [11]]], [[11, [13, 7]]], [[8, [8, 12]]], [[3, [3, 9]]], [[15, [15]]]]]
---------- 5 --------------------------
[[[[0, [2, 14]], [2, []], [11, [11, 5]], [5, [1, 14]], [3, [3, 9]], [9, []], [15, [15, 13, 7]], [1, []], [13, []], [7, []], [14, []]], [[0, []], [4, [10, 4]], [10, []], [8, [8, 12, 6]], [6, []], [12, []]]], [[[4, [10, 4]]], [[11, [11, 5]]], [[8, [6]]], [[5, [1, 14]]], [[8, [8, 12]]], [[3, [3, 9]]], [[15, [7]]], [[15, [15, 13]]]]]
205.45479500245844
3
----- <function Neighborhood_move_1_1_standard at 0x00000196E531DF80> -----
[[[[0, [2, 14]], [2, []], [11, [11, 5]], [5, [14]], [3, [3, 9]], [9, []], [15, [15, 7, 13, 1]], [13, []], [1, []], [7, []], [14, []]], [[0, []], [4, [10, 4]], [10, []], [8, [8, 12, 6]], [6, []], [12, []]]], [[[4, [10, 4]]], [[11, [11, 5]]], [[8, [6]]], [[5, [14]]], [[8, [8, 12]]], [[3, [3, 9]]], [[15, [7, 13]]], [[15, [15, 1]]]]]
---------- 0 --------------------------
[[[[0, [2, 14]], [2, []], [11, [11, 5]], [5, [14]], [3, [3, 9]], [9, []], [15, [15, 7, 13, 1]], [13, []], [1, []], [7, []], [14, []]], [[0, []], [4, [10, 4]], [10, []], [8, [8, 12, 6]], [6, []], [12, []]]], [[[4, [10, 4]]], [[11, [11, 5]]], [[8, [6]]], [[5, [14]]], [[8, [8, 12]]], [[3, [3, 9]]], [[15, [7, 13]]], [[15, [15, 1]]]]]
205.45479500245844
3
